<?xml version="1.0" encoding="UTF-8"?>
<testng-results ignored="0" total="1" passed="1" failed="0" skipped="0">
  <reporter-output>
  </reporter-output>
  <suite started-at="2023-08-09T14:57:44 IST" name="Surefire suite" finished-at="2023-08-09T14:58:04 IST" duration-ms="19564">
    <groups>
    </groups>
    <test started-at="2023-08-09T14:57:44 IST" name="Surefire test" finished-at="2023-08-09T14:58:04 IST" duration-ms="19564">
      <class name="Add_to_cart_pageTest">
        <test-method is-config="true" signature="setup()[pri:0, instance:Add_to_cart_pageTest@525f1e4e]" started-at="2023-08-09T14:57:44 IST" name="setup" finished-at="2023-08-09T14:57:56 IST" duration-ms="11564" status="PASS">
          <reporter-output>
          </reporter-output>
        </test-method> <!-- setup -->
        <test-method signature="clickitemTest()[pri:1, instance:Add_to_cart_pageTest@525f1e4e]" started-at="2023-08-09T14:57:56 IST" name="clickitemTest" finished-at="2023-08-09T14:58:04 IST" duration-ms="7937" status="PASS">
          <reporter-output>
          </reporter-output>
        </test-method> <!-- clickitemTest -->
      </class> <!-- Add_to_cart_pageTest -->
    </test> <!-- Surefire test -->
  </suite> <!-- Surefire suite -->
</testng-results>
